Hello!
Measuring voltage and current with INA219 ...
3090;	1;	40000.000;	4000;	0.940;	64;	0.276;
3296;	2;	40000.000;	4000;	0.940;	64;	0.276;
3501;	3;	40000.000;	4000;	0.940;	64;	0.276;
3706;	4;	40000.000;	4000;	0.940;	64;	0.276;
3911;	5;	40000.000;	4000;	0.940;	64;	0.276;
4117;	6;	40000.000;	4000;	0.944;	64;	0.276;
4322;	7;	40000.000;	4000;	0.944;	64;	0.276;
4527;	8;	40000.000;	4000;	0.940;	64;	0.276;
4732;	9;	40000.000;	4000;	0.940;	64;	0.276;
4937;	10;	40000.000;	4000;	0.940;	64;	0.276;
5143;	11;	40000.000;	4000;	0.944;	64;	0.276;
5348;	12;	40000.000;	4000;	0.940;	64;	0.276;
5553;	13;	40000.000;	4000;	0.944;	64;	0.276;
5758;	14;	40000.000;	4000;	0.944;	64;	0.276;
5964;	15;	40000.000;	4000;	0.944;	64;	0.276;
6169;	16;	40000.000;	4000;	0.944;	64;	0.276;
6374;	17;	40000.000;	4000;	0.940;	64;	0.276;
6579;	18;	40000.000;	4000;	0.940;	64;	0.276;
6784;	19;	40000.000;	4000;	0.944;	64;	0.276;
6990;	20;	40000.000;	4000;	0.940;	64;	0.276;
7195;	21;	40000.000;	4000;	0.944;	64;	0.276;
7400;	22;	40000.000;	4000;	0.940;	64;	0.276;
7605;	23;	40000.000;	4000;	0.940;	64;	0.276;
7810;	24;	40000.000;	4000;	0.944;	64;	0.276;
8016;	25;	40000.000;	4000;	0.940;	64;	0.276;
8221;	26;	40000.000;	4000;	0.944;	64;	0.276;
8426;	27;	40000.000;	4000;	0.944;	64;	0.276;
8631;	28;	40000.000;	4000;	0.940;	64;	0.276;
8836;	29;	40000.000;	4000;	0.940;	64;	0.276;
9042;	30;	40000.000;	4000;	0.940;	64;	0.276;
9247;	31;	40000.000;	4000;	0.940;	64;	0.276;
9452;	32;	40000.000;	4000;	0.940;	64;	0.276;
9657;	33;	40000.000;	4000;	0.940;	64;	0.276;
9863;	34;	40000.000;	4000;	0.940;	64;	0.276;
10068;	35;	40000.000;	4000;	0.940;	64;	0.276;
10273;	36;	40000.000;	4000;	0.940;	64;	0.276;
10478;	37;	40000.000;	4000;	0.940;	64;	0.276;
10683;	38;	40000.000;	4000;	0.940;	64;	0.276;
10889;	39;	40000.000;	4000;	0.940;	64;	0.276;
11094;	40;	40000.000;	4000;	0.940;	64;	0.276;
11299;	41;	40000.000;	4000;	0.940;	64;	0.276;
11504;	42;	40000.000;	4000;	0.940;	64;	0.276;
11709;	43;	40000.000;	4000;	0.940;	64;	0.276;
11915;	44;	40000.000;	4000;	0.940;	64;	0.276;
12120;	45;	40000.000;	4000;	0.940;	64;	0.276;
12325;	46;	40000.000;	4000;	0.940;	64;	0.276;
12530;	47;	40000.000;	4000;	0.940;	64;	0.276;
12735;	48;	40000.000;	4000;	0.940;	64;	0.276;
12941;	49;	40000.000;	4000;	0.944;	64;	0.276;
13146;	50;	40000.000;	4000;	0.944;	64;	0.276;
13351;	51;	40000.000;	4000;	0.944;	64;	0.276;
13556;	52;	40000.000;	4000;	0.944;	64;	0.276;
13762;	53;	40000.000;	4000;	0.940;	64;	0.276;
13967;	54;	40000.000;	4000;	0.940;	64;	0.276;
14172;	55;	40000.000;	4000;	0.944;	64;	0.276;
14377;	56;	40000.000;	4000;	0.940;	64;	0.276;
14582;	57;	40000.000;	4000;	0.000;	14976;	64.680;
14788;	58;	0.000;	0;	0.000;	14976;	64.680;
14993;	59;	40000.000;	4000;	0.000;	14976;	64.680;
15198;	60;	40000.000;	4000;	0.000;	14976;	64.680;
15403;	61;	-10.000;	0;	0.000;	14976;	64.680;
15608;	62;	0.000;	0;	0.000;	14976;	64.680;
15814;	63;	0.000;	-1;	0.000;	14976;	64.680;
16019;	64;	-10.000;	0;	0.000;	14976;	64.680;
16224;	65;	-10.000;	-1;	0.000;	14976;	64.680;
16429;	66;	0.000;	0;	0.000;	14976;	64.680;
16634;	67;	0.000;	-1;	0.000;	14976;	64.680;
16840;	68;	-10.000;	-1;	0.000;	14976;	64.680;
17045;	69;	0.000;	0;	0.000;	14976;	64.680;
17250;	70;	0.000;	0;	0.000;	14976;	64.680;
17455;	71;	10.000;	0;	0.000;	14976;	64.680;
17660;	72;	-10.000;	0;	0.000;	14976;	64.680;
17866;	73;	-10.000;	-1;	0.000;	14976;	64.680;
18071;	74;	0.000;	0;	0.000;	14976;	64.680;
18276;	75;	0.000;	0;	0.000;	14976;	64.680;
18481;	76;	0.000;	1;	0.000;	14992;	64.749;
18686;	77;	0.000;	0;	0.000;	14976;	64.680;
18892;	78;	-10.000;	0;	0.000;	14976;	64.680;
19097;	79;	0.000;	-1;	0.000;	14976;	64.680;
19302;	80;	0.000;	1;	0.000;	14992;	64.749;
19507;	81;	0.000;	-1;	0.000;	14976;	64.680;
19712;	82;	-10.000;	0;	0.000;	14976;	64.680;
19917;	83;	-10.000;	0;	0.000;	14976;	64.680;
20123;	84;	-10.000;	0;	0.000;	14976;	64.680;
20328;	85;	-10.000;	-1;	0.000;	14976;	64.680;
20533;	86;	-10.000;	0;	0.000;	14976;	64.680;
20738;	87;	0.000;	0;	0.000;	14976;	64.680;
20943;	88;	10.000;	0;	0.000;	14976;	64.680;
21149;	89;	0.000;	0;	0.000;	14976;	64.680;
21354;	90;	-10.000;	0;	0.000;	14976;	64.680;
21559;	91;	-10.000;	0;	0.000;	14976;	64.680;
21764;	92;	0.000;	-1;	0.000;	14976;	64.680;
21969;	93;	-10.000;	0;	0.000;	14976;	64.680;
22175;	94;	0.000;	0;	0.000;	14976;	64.680;
22380;	95;	0.000;	0;	0.000;	14992;	64.749;
22585;	96;	-10.000;	0;	0.000;	14992;	64.749;
22790;	97;	-10.000;	0;	0.000;	14976;	64.680;
22995;	98;	0.000;	0;	0.000;	14976;	64.680;
23201;	99;	10.000;	-1;	0.000;	14976;	64.680;
23406;	100;	-10.000;	-1;	0.000;	14976;	64.680;
23611;	101;	-10.000;	-1;	0.000;	14976;	64.680;
23816;	102;	-10.000;	0;	0.000;	14976;	64.680;
24021;	103;	10.000;	1;	0.000;	14976;	64.680;
24227;	104;	0.000;	0;	0.000;	14976;	64.680;
24432;	105;	0.000;	0;	0.000;	14976;	64.680;
24637;	106;	0.000;	0;	0.000;	14976;	64.680;
24842;	107;	0.000;	0;	0.000;	14976;	64.680;
25047;	108;	0.000;	0;	0.000;	14976;	64.680;
25252;	109;	-10.000;	-1;	0.000;	14976;	64.680;
25458;	110;	0.000;	-1;	0.000;	14976;	64.680;
25663;	111;	0.000;	-1;	0.000;	14976;	64.680;
25868;	112;	0.000;	-1;	0.000;	14976;	64.680;
26073;	113;	0.000;	-1;	0.000;	14976;	64.680;
26278;	114;	-10.000;	0;	0.000;	14976;	64.680;
26484;	115;	-10.000;	0;	0.000;	14976;	64.680;
26689;	116;	0.000;	0;	0.000;	14976;	64.680;
26894;	117;	0.000;	0;	0.000;	14976;	64.680;
27099;	118;	-10.000;	-1;	0.000;	14976;	64.680;
27304;	119;	0.000;	0;	0.000;	14976;	64.680;
27510;	120;	-10.000;	0;	0.000;	14976;	64.680;
27715;	121;	0.000;	1;	0.000;	14976;	64.680;
27920;	122;	0.000;	-1;	0.000;	14976;	64.680;
28125;	123;	-10.000;	0;	0.000;	14976;	64.680;
28330;	124;	0.000;	0;	0.000;	14976;	64.680;
28536;	125;	-10.000;	-1;	0.000;	14976;	64.680;
28741;	126;	0.000;	0;	0.000;	14976;	64.680;
28946;	127;	0.000;	-1;	0.000;	14976;	64.680;
29151;	128;	0.000;	-1;	0.000;	14976;	64.680;
29356;	129;	0.000;	0;	0.000;	14992;	64.749;
29562;	130;	0.000;	-1;	0.000;	14976;	64.680;
29767;	131;	-10.000;	0;	0.000;	14976;	64.680;
29972;	132;	-10.000;	-1;	0.000;	14976;	64.680;
30177;	133;	0.000;	1;	0.000;	14976;	64.680;
30382;	134;	0.000;	-1;	0.000;	14976;	64.680;
30587;	135;	0.000;	-1;	0.000;	14976;	64.680;
30793;	136;	-10.000;	0;	0.000;	14976;	64.680;
30998;	137;	0.000;	0;	0.000;	14976;	64.680;
31203;	138;	-10.000;	0;	0.000;	14976;	64.680;
31408;	139;	-10.000;	0;	0.000;	14976;	64.680;
31613;	140;	-10.000;	-1;	0.000;	14976;	64.680;
31819;	141;	0.000;	0;	0.000;	14976;	64.680;
32024;	142;	0.000;	0;	0.000;	14976;	64.680;
32229;	143;	-10.000;	-1;	0.000;	14976;	64.680;
32434;	144;	-10.000;	0;	0.000;	14976;	64.680;
32639;	145;	-10.000;	0;	0.000;	14976;	64.680;
32845;	146;	0.000;	0;	0.000;	14976;	64.680;
33050;	147;	0.000;	-1;	0.000;	14976;	64.680;
33255;	148;	0.000;	1;	0.000;	14976;	64.680;
33460;	149;	0.000;	0;	0.000;	14976;	64.680;
33665;	150;	0.000;	0;	0.000;	14976;	64.680;
33871;	151;	0.000;	-1;	0.000;	14976;	64.680;
34076;	152;	0.000;	0;	0.000;	14976;	64.680;
34281;	153;	0.000;	0;	0.000;	14992;	64.749;
34486;	154;	-10.000;	-1;	0.000;	14976;	64.680;
34691;	155;	-10.000;	0;	0.000;	14976;	64.680;
34897;	156;	0.000;	0;	0.000;	14976;	64.680;
35102;	157;	-10.000;	-1;	0.000;	14976;	64.680;
35307;	158;	-10.000;	0;	0.000;	14976;	64.680;
35512;	159;	-10.000;	-1;	0.000;	14976;	64.680;
35717;	160;	0.000;	-1;	0.000;	14976;	64.680;
35923;	161;	-10.000;	-1;	0.000;	14976;	64.680;
36128;	162;	-10.000;	-1;	0.000;	14976;	64.680;
36333;	163;	-10.000;	-1;	0.000;	14992;	64.749;
36538;	164;	0.000;	0;	0.000;	14976;	64.680;
36743;	165;	0.000;	-1;	0.000;	14976;	64.680;
36949;	166;	-10.000;	0;	0.000;	14976;	64.680;
37154;	167;	0.000;	-1;	0.000;	14992;	64.749;
37359;	168;	-10.000;	-1;	0.000;	14976;	64.680;
37564;	169;	0.000;	0;	0.000;	14976;	64.680;
37769;	170;	-10.000;	0;	0.000;	14992;	64.749;
37974;	171;	0.000;	0;	0.000;	14976;	64.680;
38180;	172;	0.000;	-1;	0.000;	14976;	64.680;
38385;	173;	0.000;	0;	0.000;	14992;	64.749;
38590;	174;	0.000;	-1;	0.000;	14976;	64.680;
38795;	175;	0.000;	-1;	0.000;	14976;	64.680;
39000;	176;	-10.000;	0;	0.000;	14976;	64.680;
39206;	177;	0.000;	0;	0.000;	14976;	64.680;
39411;	178;	-10.000;	0;	0.000;	14976;	64.680;
39616;	179;	-10.000;	0;	0.000;	14976;	64.680;
39821;	180;	0.000;	-1;	0.000;	14976;	64.680;
40026;	181;	0.000;	0;	0.000;	14992;	64.749;
40232;	182;	10.000;	0;	0.000;	14976;	64.680;
40437;	183;	0.000;	-1;	0.000;	14976;	64.680;
40642;	184;	0.000;	1;	0.000;	14976;	64.680;
40847;	185;	0.000;	0;	0.000;	14976;	64.680;
41052;	186;	0.000;	-1;	0.000;	14976;	64.680;
41258;	187;	-10.000;	-1;	0.000;	14976;	64.680;
41463;	188;	0.000;	-1;	0.000;	14976;	64.680;
41668;	189;	0.000;	-1;	0.000;	14976;	64.680;
41873;	190;	-10.000;	0;	0.000;	14992;	64.749;
42078;	191;	0.000;	0;	0.000;	14976;	64.680;
42284;	192;	0.000;	0;	0.000;	14976;	64.680;
42489;	193;	-10.000;	-1;	0.000;	14992;	64.749;
42694;	194;	0.000;	0;	0.000;	14976;	64.680;
42899;	195;	0.000;	0;	0.000;	14976;	64.680;
43104;	196;	-10.000;	0;	0.000;	14976;	64.680;
43310;	197;	0.000;	-1;	0.000;	14976;	64.680;
43515;	198;	0.000;	0;	0.000;	14976;	64.680;
43720;	199;	0.000;	-1;	0.000;	14976;	64.680;
43925;	200;	0.000;	-1;	0.000;	14976;	64.680;
44130;	201;	0.000;	0;	0.000;	14976;	64.680;
44335;	202;	0.000;	-1;	0.000;	14976;	64.680;
44541;	203;	-10.000;	0;	0.000;	14976;	64.680;
44746;	204;	0.000;	0;	0.000;	14976;	64.680;
44951;	205;	-10.000;	-1;	0.000;	14976;	64.680;
45156;	206;	0.000;	-1;	0.000;	14976;	64.680;
45361;	207;	-10.000;	-1;	0.000;	14976;	64.680;
45567;	208;	-10.000;	-1;	0.000;	14992;	64.749;
45772;	209;	0.000;	0;	0.000;	14976;	64.680;
45977;	210;	-10.000;	-1;	0.000;	14976;	64.680;
46182;	211;	0.000;	0;	0.000;	14976;	64.680;
46387;	212;	0.000;	-1;	0.000;	14976;	64.680;
46593;	213;	-10.000;	0;	0.000;	14976;	64.680;
46798;	214;	0.000;	0;	0.000;	14976;	64.680;
47003;	215;	-10.000;	0;	0.000;	14992;	64.749;
47208;	216;	-10.000;	0;	0.000;	14976;	64.680;
47413;	217;	-10.000;	-1;	0.000;	14976;	64.680;
47619;	218;	-10.000;	0;	0.000;	14976;	64.680;
47824;	219;	0.000;	0;	0.000;	14976;	64.680;
48029;	220;	0.000;	0;	0.000;	14976;	64.680;
48234;	221;	0.000;	0;	0.000;	14992;	64.749;
48439;	222;	0.000;	0;	0.000;	14992;	64.749;
48645;	223;	0.000;	0;	0.000;	14976;	64.680;
48850;	224;	0.000;	0;	0.000;	14976;	64.680;
49055;	225;	0.000;	0;	0.000;	14976;	64.680;
49260;	226;	-10.000;	-1;	0.000;	14976;	64.680;
49465;	227;	0.000;	0;	0.000;	14976;	64.680;
49670;	228;	0.000;	0;	0.000;	14976;	64.680;
49876;	229;	-10.000;	0;	0.000;	14976;	64.680;
50081;	230;	-10.000;	-1;	0.000;	14976;	64.680;
50286;	231;	0.000;	0;	0.000;	14976;	64.680;
50491;	232;	-10.000;	0;	0.000;	14976;	64.680;
50696;	233;	0.000;	-1;	0.000;	14976;	64.680;
50902;	234;	0.000;	0;	0.000;	14992;	64.749;
51107;	235;	0.000;	0;	0.000;	14976;	64.680;
51312;	236;	0.000;	-1;	0.000;	14976;	64.680;
51517;	237;	0.000;	-1;	0.000;	14976;	64.680;
51722;	238;	-10.000;	-1;	0.000;	14976;	64.680;
51928;	239;	-10.000;	1;	0.000;	14976;	64.680;
52133;	240;	10.000;	0;	0.000;	14976;	64.680;
52338;	241;	10.000;	0;	0.000;	14992;	64.749;
52543;	242;	-10.000;	-1;	0.000;	14976;	64.680;
52748;	243;	-10.000;	1;	0.000;	14976;	64.680;
52954;	244;	-10.000;	0;	0.000;	14992;	64.749;
53159;	245;	-10.000;	-1;	0.000;	14976;	64.680;
53364;	246;	0.000;	0;	0.000;	14976;	64.680;
53569;	247;	10.000;	0;	0.000;	14976;	64.680;
53774;	248;	-10.000;	-1;	0.000;	14976;	64.680;
53980;	249;	0.000;	0;	0.000;	14976;	64.680;
54185;	250;	0.000;	1;	0.000;	14992;	64.749;
54390;	251;	0.000;	0;	0.000;	14976;	64.680;
54595;	252;	10.000;	0;	0.000;	14976;	64.680;
54800;	253;	-10.000;	0;	0.000;	14976;	64.680;
55006;	254;	10.000;	-1;	0.000;	14976;	64.680;
55211;	255;	0.000;	0;	0.000;	14976;	64.680;
55416;	256;	10.000;	0;	0.000;	14976;	64.680;
55621;	257;	0.000;	-1;	0.000;	14976;	64.680;
55826;	258;	-1170.000;	-138;	0.000;	14800;	63.920;
56032;	259;	-240.000;	-21;	0.000;	15200;	65.648;
56237;	260;	-140.000;	-15;	0.000;	15024;	64.887;
56442;	261;	-110.000;	-12;	0.000;	14912;	64.404;
56647;	262;	-100.000;	-13;	0.000;	15120;	65.302;
56852;	263;	-50.000;	-6;	0.000;	15008;	64.818;
57058;	264;	-50.000;	-9;	0.000;	14944;	64.542;
57263;	265;	-110.000;	-10;	0.000;	15104;	65.233;
57468;	266;	-80.000;	-12;	0.000;	15024;	64.887;
57673;	267;	-130.000;	-12;	0.000;	15056;	65.026;
57878;	268;	-110.000;	-9;	0.000;	15104;	65.233;
58084;	269;	-80.000;	-7;	0.000;	14912;	64.404;
58289;	270;	-100.000;	-8;	0.000;	15152;	65.440;
58494;	271;	-70.000;	-9;	0.000;	15072;	65.095;
58699;	272;	-90.000;	-8;	0.000;	15024;	64.887;
58904;	273;	-70.000;	-9;	0.000;	15008;	64.818;
59110;	274;	-80.000;	-9;	0.000;	14976;	64.680;
59315;	275;	-80.000;	-13;	0.000;	14960;	64.611;
59520;	276;	-130.000;	-13;	0.000;	14976;	64.680;
59725;	277;	-100.000;	-8;	0.000;	14960;	64.611;
59931;	278;	-90.000;	-7;	0.000;	14976;	64.680;
60136;	279;	-120.000;	-7;	0.000;	15024;	64.887;
60341;	280;	-70.000;	-7;	0.000;	15024;	64.887;
60546;	281;	-90.000;	-6;	0.000;	15088;	65.164;
60751;	282;	-50.000;	-10;	0.000;	15088;	65.164;
60957;	283;	-100.000;	-9;	0.000;	15120;	65.302;
61162;	284;	-80.000;	-9;	0.000;	15056;	65.026;
61367;	285;	-100.000;	-11;	0.000;	15072;	65.095;
61572;	286;	-90.000;	-9;	0.000;	14992;	64.749;
61777;	287;	-100.000;	-6;	0.000;	15024;	64.887;
61983;	288;	-100.000;	-10;	0.000;	14880;	64.266;
62188;	289;	-100.000;	-7;	0.000;	15104;	65.233;
62393;	290;	-60.000;	-6;	0.000;	15024;	64.887;
62598;	291;	-80.000;	-10;	0.000;	15008;	64.818;
62803;	292;	-70.000;	-6;	0.000;	14992;	64.749;
63009;	293;	-60.000;	-10;	0.000;	15136;	65.371;
63214;	294;	-110.000;	-7;	0.000;	15136;	65.371;
63419;	295;	-70.000;	-11;	0.000;	14992;	64.749;
63624;	296;	-100.000;	-10;	0.000;	15024;	64.887;
63829;	297;	-90.000;	-10;	0.000;	15088;	65.164;
64035;	298;	-80.000;	-7;	0.016;	15104;	65.233;
64240;	299;	-80.000;	-10;	0.000;	15040;	64.957;
64445;	300;	-100.000;	-8;	0.000;	14976;	64.680;
64650;	301;	-40.000;	-9;	0.000;	14992;	64.749;
64855;	302;	-100.000;	-8;	0.000;	14992;	64.749;
65061;	303;	-70.000;	-7;	0.000;	14944;	64.542;
65266;	304;	-50.000;	-8;	0.000;	15040;	64.957;
65471;	305;	-70.000;	-8;	0.000;	15120;	65.302;
65676;	306;	-60.000;	-10;	0.000;	15008;	64.818;
65882;	307;	-90.000;	-8;	0.000;	15104;	65.233;
66087;	308;	-70.000;	-10;	0.000;	15024;	64.887;
66292;	309;	-80.000;	-7;	0.000;	15040;	64.957;
66498;	310;	-70.000;	-10;	0.000;	14992;	64.749;
66703;	311;	-110.000;	-8;	0.000;	15136;	65.371;
66908;	312;	-70.000;	-10;	0.000;	15072;	65.095;
67113;	313;	-110.000;	-8;	0.000;	15008;	64.818;
67318;	314;	-70.000;	-10;	0.000;	15104;	65.233;
67524;	315;	-150.000;	-8;	0.000;	15104;	65.233;
67729;	316;	-80.000;	-9;	0.000;	14992;	64.749;
67934;	317;	-100.000;	-5;	0.000;	14992;	64.749;
68139;	318;	-70.000;	-8;	0.000;	15008;	64.818;
68344;	319;	-80.000;	-6;	0.000;	15024;	64.887;
68550;	320;	-100.000;	-7;	0.000;	14992;	64.749;
68755;	321;	-100.000;	-10;	0.000;	14992;	64.749;
68960;	322;	-100.000;	-6;	0.000;	15040;	64.957;
69165;	323;	-70.000;	-10;	0.000;	14992;	64.749;
69370;	324;	-100.000;	-11;	0.000;	15024;	64.887;
69576;	325;	-90.000;	-7;	0.000;	15040;	64.957;
69781;	326;	-60.000;	-11;	0.000;	14944;	64.542;
69986;	327;	-70.000;	-6;	0.000;	14960;	64.611;
70191;	328;	-90.000;	-8;	0.000;	15024;	64.887;
70396;	329;	-50.000;	-7;	0.000;	15040;	64.957;
70602;	330;	-100.000;	-9;	0.000;	15056;	65.026;
70807;	331;	-130.000;	-6;	0.000;	15056;	65.026;
71012;	332;	-100.000;	-10;	0.000;	14928;	64.473;
71217;	333;	-100.000;	-10;	0.000;	14944;	64.542;
71423;	334;	-100.000;	-9;	0.000;	14992;	64.749;
71628;	335;	-60.000;	-9;	0.000;	14992;	64.749;
71833;	336;	-80.000;	-7;	0.000;	14992;	64.749;
72038;	337;	-90.000;	-8;	0.000;	15104;	65.233;
72243;	338;	-50.000;	-9;	0.000;	15104;	65.233;
72449;	339;	-100.000;	-7;	0.012;	14976;	64.680;
72654;	340;	-110.000;	-8;	0.000;	15136;	65.371;
72859;	341;	-70.000;	-8;	0.000;	14992;	64.749;
73064;	342;	-110.000;	-8;	0.000;	15056;	65.026;
73269;	343;	-120.000;	-9;	0.000;	14992;	64.749;
73475;	344;	-60.000;	-10;	0.000;	15120;	65.302;
73680;	345;	-90.000;	-7;	0.000;	14960;	64.611;
73885;	346;	-80.000;	-8;	0.000;	15008;	64.818;
74090;	347;	-60.000;	-11;	0.000;	15040;	64.957;
74295;	348;	-90.000;	-8;	0.012;	15104;	65.233;
74501;	349;	-100.000;	-8;	0.000;	15040;	64.957;
74706;	350;	-80.000;	-7;	0.000;	14960;	64.611;
74912;	351;	-90.000;	-10;	0.000;	15056;	65.026;
75117;	352;	-70.000;	-10;	0.000;	15056;	65.026;
75322;	353;	-60.000;	-7;	0.000;	15024;	64.887;
75527;	354;	-110.000;	-5;	0.000;	15056;	65.026;
75732;	355;	-90.000;	-9;	0.000;	15104;	65.233;
75938;	356;	-90.000;	-8;	0.000;	14960;	64.611;
76143;	357;	-120.000;	-7;	0.000;	14960;	64.611;
76348;	358;	-100.000;	-10;	0.000;	14896;	64.335;
76553;	359;	-90.000;	-10;	0.000;	15104;	65.233;
76758;	360;	-100.000;	-10;	0.000;	15008;	64.818;
76964;	361;	-60.000;	-11;	0.000;	15168;	65.509;
77169;	362;	-70.000;	-7;	0.000;	14912;	64.404;
77374;	363;	-100.000;	-8;	0.000;	15120;	65.302;
77579;	364;	-60.000;	-9;	0.000;	14880;	64.266;
77784;	365;	-100.000;	-7;	0.000;	15056;	65.026;
77990;	366;	-110.000;	-5;	0.048;	15056;	65.026;
78195;	367;	-100.000;	-12;	0.000;	14992;	64.749;
78400;	368;	-80.000;	-10;	0.000;	14976;	64.680;
78605;	369;	-100.000;	-9;	0.000;	15056;	65.026;
78810;	370;	-80.000;	-9;	0.000;	15040;	64.957;
79016;	371;	-80.000;	-5;	0.000;	15008;	64.818;
79221;	372;	-100.000;	-7;	0.000;	15056;	65.026;
79426;	373;	-60.000;	-9;	0.000;	14992;	64.749;
79631;	374;	-100.000;	-7;	0.000;	15072;	65.095;
79836;	375;	-100.000;	-7;	0.000;	15024;	64.887;
80042;	376;	-60.000;	-9;	0.000;	15024;	64.887;
80247;	377;	-100.000;	-9;	0.000;	14976;	64.680;
80452;	378;	-90.000;	-11;	0.000;	14928;	64.473;
80657;	379;	-60.000;	-10;	0.000;	15008;	64.818;
80863;	380;	-90.000;	-6;	0.000;	14992;	64.749;
81068;	381;	-90.000;	-8;	0.000;	15040;	64.957;
81273;	382;	-50.000;	-8;	0.000;	14944;	64.542;
81478;	383;	-100.000;	-9;	0.000;	14944;	64.542;
81683;	384;	-110.000;	-7;	0.000;	15072;	65.095;
81889;	385;	-80.000;	-12;	0.000;	15040;	64.957;
82094;	386;	-110.000;	-9;	0.000;	14928;	64.473;
82299;	387;	-110.000;	-10;	0.000;	15008;	64.818;
82504;	388;	-60.000;	-11;	0.000;	15024;	64.887;
82709;	389;	-60.000;	-7;	0.000;	15088;	65.164;
82915;	390;	-80.000;	-6;	0.000;	15104;	65.233;
83120;	391;	-50.000;	-8;	0.000;	14960;	64.611;
83325;	392;	-100.000;	-6;	0.000;	15056;	65.026;
83530;	393;	-100.000;	-6;	0.000;	15008;	64.818;
83735;	394;	-90.000;	-15;	0.000;	15152;	65.440;
83941;	395;	-110.000;	-11;	0.000;	15024;	64.887;
84146;	396;	-100.000;	-10;	0.000;	14976;	64.680;
84351;	397;	-40.000;	-10;	0.000;	14928;	64.473;
84556;	398;	-70.000;	-8;	0.000;	14992;	64.749;
84761;	399;	-110.000;	-5;	0.000;	15088;	65.164;
84967;	400;	-70.000;	-11;	0.000;	15008;	64.818;
85172;	401;	-90.000;	-9;	0.000;	14992;	64.749;
85377;	402;	-100.000;	-4;	0.044;	15088;	65.164;
85582;	403;	-50.000;	-8;	0.000;	15104;	65.233;
85788;	404;	-90.000;	-11;	0.000;	14896;	64.335;
85993;	405;	-110.000;	-8;	0.000;	15024;	64.887;
86198;	406;	-80.000;	-10;	0.000;	14944;	64.542;
86403;	407;	-80.000;	-8;	0.000;	14992;	64.749;
86608;	408;	-120.000;	-8;	0.000;	15008;	64.818;
86814;	409;	-80.000;	-12;	0.000;	14960;	64.611;
87019;	410;	-80.000;	-8;	0.000;	15072;	65.095;
87224;	411;	-120.000;	-7;	0.000;	15120;	65.302;
87429;	412;	-70.000;	-11;	0.000;	15024;	64.887;
87634;	413;	-60.000;	-11;	0.000;	15008;	64.818;
87840;	414;	-100.000;	-8;	0.000;	15056;	65.026;
88045;	415;	-70.000;	-9;	0.000;	15040;	64.957;
88250;	416;	-60.000;	-8;	0.000;	15152;	65.440;
88456;	417;	-110.000;	-11;	0.000;	15024;	64.887;
88661;	418;	-60.000;	-10;	0.000;	15088;	65.164;
88866;	419;	-70.000;	-11;	0.000;	14976;	64.680;
89071;	420;	-100.000;	-9;	0.000;	15072;	65.095;
89276;	421;	-70.000;	-11;	0.000;	14960;	64.611;
89482;	422;	-90.000;	-7;	0.000;	15024;	64.887;
89687;	423;	-100.000;	-5;	0.000;	15072;	65.095;
89892;	424;	-70.000;	-11;	0.000;	14944;	64.542;
90097;	425;	-100.000;	-8;	0.000;	15008;	64.818;
90303;	426;	-100.000;	-11;	0.000;	15120;	65.302;
90508;	427;	-60.000;	-10;	0.000;	14992;	64.749;
90713;	428;	-90.000;	-6;	0.000;	14944;	64.542;
90918;	429;	-80.000;	-8;	0.000;	15072;	65.095;
91123;	430;	-70.000;	-9;	0.000;	14912;	64.404;
91329;	431;	-90.000;	-7;	0.000;	15040;	64.957;
91534;	432;	-90.000;	-7;	0.000;	14976;	64.680;
91739;	433;	-90.000;	-8;	0.000;	14960;	64.611;
91944;	434;	-70.000;	-10;	0.000;	15056;	65.026;
92149;	435;	-100.000;	-7;	0.000;	15024;	64.887;
92355;	436;	-70.000;	-9;	0.000;	14960;	64.611;
92560;	437;	-60.000;	-6;	0.000;	15008;	64.818;
92765;	438;	-100.000;	-8;	0.000;	15120;	65.302;
92970;	439;	-90.000;	-8;	0.000;	14960;	64.611;
93175;	440;	-100.000;	-9;	0.000;	14928;	64.473;
93381;	441;	-110.000;	-7;	0.000;	15024;	64.887;
93586;	442;	-60.000;	-11;	0.000;	14992;	64.749;
93791;	443;	-70.000;	-11;	0.000;	15104;	65.233;
93996;	444;	-100.000;	-7;	0.000;	15040;	64.957;
94201;	445;	-90.000;	-9;	0.000;	14960;	64.611;
94407;	446;	-60.000;	-8;	0.000;	15072;	65.095;
94612;	447;	-100.000;	-6;	0.000;	15008;	64.818;
94817;	448;	-130.000;	-8;	0.000;	15056;	65.026;
95022;	449;	-80.000;	-13;	0.000;	14960;	64.611;
95227;	450;	-110.000;	-10;	0.000;	15024;	64.887;
95433;	451;	-50.000;	-9;	0.000;	14976;	64.680;
95638;	452;	-50.000;	-10;	0.000;	15072;	65.095;
95843;	453;	-90.000;	-8;	0.000;	15168;	65.509;
96048;	454;	-100.000;	-5;	0.000;	15088;	65.164;
96253;	455;	-70.000;	-11;	0.000;	14976;	64.680;
96459;	456;	-90.000;	-9;	0.000;	15088;	65.164;
96664;	457;	-140.000;	-11;	0.004;	15072;	65.095;
96869;	458;	-50.000;	-10;	0.000;	15008;	64.818;
97074;	459;	-80.000;	-11;	0.000;	15040;	64.957;
97280;	460;	-90.000;	-8;	0.000;	14928;	64.473;
97485;	461;	-70.000;	-9;	0.000;	14976;	64.680;
97690;	462;	-90.000;	-6;	0.000;	15088;	65.164;
97896;	463;	-110.000;	-11;	0.000;	15072;	65.095;
98101;	464;	-70.000;	-9;	0.000;	15088;	65.164;
98306;	465;	-80.000;	-5;	0.000;	14960;	64.611;
98511;	466;	-70.000;	-9;	0.000;	15088;	65.164;
98716;	467;	-70.000;	-14;	0.000;	15024;	64.887;
98922;	468;	-100.000;	-7;	0.000;	14992;	64.749;
99127;	469;	-100.000;	-6;	0.000;	15056;	65.026;
99332;	470;	-90.000;	-9;	0.000;	15104;	65.233;
99537;	471;	-100.000;	-12;	0.000;	14960;	64.611;
99742;	472;	-100.000;	-6;	0.000;	15040;	64.957;
99948;	473;	-70.000;	-10;	0.000;	14912;	64.404;
100153;	474;	-40.000;	-6;	0.000;	14912;	64.404;
100358;	475;	-110.000;	-8;	0.000;	15120;	65.302;
100563;	476;	-80.000;	-13;	0.000;	14928;	64.473;
100769;	477;	-80.000;	-9;	0.000;	14992;	64.749;
100974;	478;	-90.000;	-7;	0.000;	14992;	64.749;
101179;	479;	-70.000;	-9;	0.000;	15008;	64.818;
101384;	480;	-100.000;	-10;	0.000;	15024;	64.887;
101589;	481;	-100.000;	-8;	0.000;	15072;	65.095;
101795;	482;	-90.000;	-9;	0.000;	14944;	64.542;
102000;	483;	-70.000;	-10;	0.000;	14992;	64.749;
102205;	484;	-100.000;	-8;	0.000;	15040;	64.957;
102410;	485;	-90.000;	-8;	0.000;	15056;	65.026;
102615;	486;	-60.000;	-11;	0.000;	15056;	65.026;
102821;	487;	-90.000;	-10;	0.000;	15040;	64.957;
103026;	488;	-90.000;	-6;	0.000;	15104;	65.233;
103231;	489;	-70.000;	-10;	0.000;	15056;	65.026;
103436;	490;	-100.000;	-7;	0.000;	14928;	64.473;
103641;	491;	-130.000;	-8;	0.000;	14992;	64.749;
103847;	492;	-90.000;	-10;	0.000;	14896;	64.335;
104052;	493;	-100.000;	-10;	0.000;	14928;	64.473;
104257;	494;	-80.000;	-9;	0.000;	15072;	65.095;
104462;	495;	-60.000;	-10;	0.000;	15040;	64.957;
104667;	496;	-60.000;	-9;	0.000;	14944;	64.542;
104873;	497;	-100.000;	-6;	0.008;	15072;	65.095;
105078;	498;	-100.000;	-10;	0.000;	15056;	65.026;
105283;	499;	-90.000;	-11;	0.000;	15056;	65.026;
105488;	500;	-100.000;	-7;	0.000;	15104;	65.233;
105694;	501;	-110.000;	-10;	0.000;	15040;	64.957;
105899;	502;	-60.000;	-10;	0.000;	14976;	64.680;
106104;	503;	-100.000;	-6;	0.000;	15120;	65.302;
106310;	504;	-100.000;	-10;	0.000;	15088;	65.164;
106515;	505;	-100.000;	-12;	0.000;	14976;	64.680;
106720;	506;	-100.000;	-8;	0.000;	15072;	65.095;
106925;	507;	-60.000;	-9;	0.000;	14944;	64.542;
107130;	508;	-60.000;	-10;	0.000;	14944;	64.542;
107336;	509;	-100.000;	-6;	0.000;	15088;	65.164;
107541;	510;	-110.000;	-7;	0.000;	15008;	64.818;
107746;	511;	-100.000;	-10;	0.000;	14960;	64.611;
107951;	512;	-100.000;	-7;	0.000;	15008;	64.818;
108157;	513;	-90.000;	-9;	0.000;	14896;	64.335;
108362;	514;	-70.000;	-11;	0.000;	14912;	64.404;
108567;	515;	-60.000;	-6;	0.000;	15040;	64.957;
108772;	516;	-110.000;	-7;	0.000;	15024;	64.887;
108977;	517;	-80.000;	-9;	0.000;	14944;	64.542;
109183;	518;	-90.000;	-8;	0.000;	15104;	65.233;
109388;	519;	-120.000;	-7;	0.000;	15072;	65.095;
109593;	520;	-70.000;	-11;	0.000;	15008;	64.818;
109798;	521;	-60.000;	-10;	0.000;	14944;	64.542;
110003;	522;	-100.000;	-6;	0.000;	15088;	65.164;
110209;	523;	-80.000;	-7;	0.000;	14944;	64.542;
110414;	524;	-80.000;	-8;	0.000;	15072;	65.095;
110619;	525;	-100.000;	-6;	0.000;	15008;	64.818;
110824;	526;	-100.000;	-6;	0.020;	15040;	64.957;
111029;	527;	-50.000;	-10;	0.000;	14928;	64.473;
111235;	528;	-70.000;	-8;	0.000;	15008;	64.818;
111440;	529;	-80.000;	-8;	0.000;	14992;	64.749;
111645;	530;	-80.000;	-9;	0.000;	14992;	64.749;
111850;	531;	-90.000;	-7;	0.000;	15008;	64.818;
112055;	532;	-90.000;	-7;	0.068;	15120;	65.302;
112261;	533;	-90.000;	-10;	0.000;	14912;	64.404;
112466;	534;	-90.000;	-10;	0.000;	14960;	64.611;
112671;	535;	-90.000;	-7;	0.000;	15008;	64.818;
112876;	536;	-80.000;	-8;	0.000;	15024;	64.887;
113081;	537;	-60.000;	-12;	0.000;	14912;	64.404;
113287;	538;	-90.000;	-8;	0.000;	15008;	64.818;
113492;	539;	-110.000;	-8;	0.000;	15024;	64.887;
113697;	540;	-70.000;	-10;	0.000;	14928;	64.473;
113902;	541;	-80.000;	-10;	0.000;	15040;	64.957;
114108;	542;	-100.000;	-7;	0.000;	15056;	65.026;
114313;	543;	-80.000;	-8;	0.000;	15040;	64.957;
114518;	544;	-60.000;	-8;	0.000;	14992;	64.749;
114723;	545;	-100.000;	-6;	0.000;	14992;	64.749;
114929;	546;	-60.000;	-11;	0.000;	15040;	64.957;
115134;	547;	-80.000;	-10;	0.000;	14944;	64.542;
115339;	548;	-90.000;	-8;	0.000;	15072;	65.095;
115544;	549;	-80.000;	-9;	0.000;	15072;	65.095;
115750;	550;	-50.000;	-6;	0.000;	14960;	64.611;
115955;	551;	-90.000;	-7;	0.032;	15136;	65.371;
116160;	552;	-90.000;	-10;	0.000;	14928;	64.473;
116365;	553;	-60.000;	-11;	0.000;	14960;	64.611;
116570;	554;	-90.000;	-8;	0.000;	15040;	64.957;
116776;	555;	-100.000;	-10;	0.000;	14976;	64.680;
116981;	556;	-80.000;	-10;	0.000;	14960;	64.611;
117186;	557;	-100.000;	-6;	0.000;	14960;	64.611;
117391;	558;	-100.000;	-7;	0.000;	15024;	64.887;
117597;	559;	-60.000;	-11;	0.000;	14912;	64.404;
117802;	560;	-80.000;	-10;	0.000;	15056;	65.026;
118007;	561;	-110.000;	-7;	0.000;	15136;	65.371;
118212;	562;	-80.000;	-10;	0.000;	14960;	64.611;
